2025-12-16 19:53:53.389 [com.ef.antcolony.other.TestLogs.main()] DEBUG com.ef.antcolony.other.TestLogs - Debug message
2025-12-16 19:53:53.401 [com.ef.antcolony.other.TestLogs.main()] INFO  com.ef.antcolony.other.TestLogs - Info message
2025-12-16 19:53:53.402 [com.ef.antcolony.other.TestLogs.main()] WARN  com.ef.antcolony.other.TestLogs - Warning message
2025-12-16 19:53:53.403 [com.ef.antcolony.other.TestLogs.main()] ERROR com.ef.antcolony.other.TestLogs - Error message
2025-12-16 19:54:35.717 [com.ef.antcolony.other.TestLogs.main()] DEBUG com.ef.antcolony.other.TestLogs - Debug message
2025-12-16 19:54:35.720 [com.ef.antcolony.other.TestLogs.main()] INFO  com.ef.antcolony.other.TestLogs - Info message
2025-12-16 19:54:35.721 [com.ef.antcolony.other.TestLogs.main()] WARN  com.ef.antcolony.other.TestLogs - Warning message
2025-12-16 19:54:35.721 [com.ef.antcolony.other.TestLogs.main()] ERROR com.ef.antcolony.other.TestLogs - Error message
2025-12-16 19:56:18.776 [main] DEBUG com.ef.antcolony.other.TestLogs - Debug message
2025-12-16 19:56:18.777 [main] INFO  com.ef.antcolony.other.TestLogs - Info message
2025-12-16 19:56:18.777 [main] WARN  com.ef.antcolony.other.TestLogs - Warning message
2025-12-16 19:56:18.777 [main] ERROR com.ef.antcolony.other.TestLogs - Error message
2025-12-16 19:57:27.950 [com.ef.antcolony.other.TestLogs.main()] DEBUG com.ef.antcolony.other.TestLogs:28 - Debug message
2025-12-16 19:57:27.953 [com.ef.antcolony.other.TestLogs.main()] INFO  com.ef.antcolony.other.TestLogs:29 - Info message
2025-12-16 19:57:27.954 [com.ef.antcolony.other.TestLogs.main()] WARN  com.ef.antcolony.other.TestLogs:30 - Warning message
2025-12-16 19:57:27.954 [com.ef.antcolony.other.TestLogs.main()] ERROR com.ef.antcolony.other.TestLogs:31 - Error message
2025-12-16 19:58:00.926 [com.ef.antcolony.other.TestLogs.main()] DEBUG com.ef.antcolony.other.TestLogs:28 - Debug message
2025-12-16 19:58:00.929 [com.ef.antcolony.other.TestLogs.main()] INFO  com.ef.antcolony.other.TestLogs:29 - Info message
2025-12-16 19:58:00.929 [com.ef.antcolony.other.TestLogs.main()] WARN  com.ef.antcolony.other.TestLogs:30 - Warning message
2025-12-16 19:58:00.930 [com.ef.antcolony.other.TestLogs.main()] ERROR com.ef.antcolony.other.TestLogs:31 - Error message
2025-12-16 20:16:12.271 [main] INFO  main.java.com.ef.antcolony.other.WriteLogs:29 - Info message
2025-12-16 20:16:12.273 [main] WARN  main.java.com.ef.antcolony.other.WriteLogs:30 - Warning message
2025-12-16 20:16:12.274 [main] ERROR main.java.com.ef.antcolony.other.WriteLogs:31 - Error message
2025-12-16 20:19:09.648 [main] DEBUG main.java.com.ef.antcolony.other.WriteLogs:28 - Debug message
2025-12-16 20:19:09.649 [main] INFO  main.java.com.ef.antcolony.other.WriteLogs:29 - Info message
2025-12-16 20:19:09.650 [main] WARN  main.java.com.ef.antcolony.other.WriteLogs:30 - Warning message
2025-12-16 20:19:09.650 [main] ERROR main.java.com.ef.antcolony.other.WriteLogs:31 - Error message
2025-12-16 20:19:55.055 [main] INFO  main.java.com.ef.antcolony.ortools.MPCSAHLPRunner:33 - COMPUTING MILP
2025-12-16 20:20:16.160 [main] ERROR main.java.com.ef.antcolony.ortools.MPCSAHLP:287 - HIGHS solver used.
2025-12-16 20:20:16.161 [main] INFO  main.java.com.ef.antcolony.ortools.MPCSAHLP:77 - Creating variables...
2025-12-16 20:20:16.172 [main] INFO  main.java.com.ef.antcolony.ortools.MPCSAHLP:79 - Variables created. Total variables: 1110
2025-12-16 20:20:16.173 [main] INFO  main.java.com.ef.antcolony.ortools.MPCSAHLP:81 - Creating constraints ...
2025-12-16 20:20:16.173 [main] ERROR main.java.com.ef.antcolony.ortools.MPCSAHLP:226 - Adding hub assignment constraints...
2025-12-16 20:20:16.175 [main] ERROR main.java.com.ef.antcolony.ortools.MPCSAHLP:228 - Added ub assignment constraints. Total constraints: 90
2025-12-16 20:20:16.175 [main] ERROR main.java.com.ef.antcolony.ortools.MPCSAHLP:234 - Adding capacity constraints...
2025-12-16 20:20:16.175 [main] ERROR main.java.com.ef.antcolony.ortools.MPCSAHLP:236 - Added capacity constraints. Total constraints: 100
2025-12-16 20:20:16.176 [main] ERROR main.java.com.ef.antcolony.ortools.MPCSAHLP:242 - Adding max products at hub constraints...
2025-12-16 20:20:16.176 [main] ERROR main.java.com.ef.antcolony.ortools.MPCSAHLP:244 - Added max products at hub constraints. Total constraints: 110
2025-12-16 20:20:16.176 [main] ERROR main.java.com.ef.antcolony.ortools.MPCSAHLP:249 - Adding single allocation constraints...
2025-12-16 20:20:16.177 [main] ERROR main.java.com.ef.antcolony.ortools.MPCSAHLP:251 - Added single allocation constraints. Total constraints: 120
2025-12-16 20:20:16.178 [main] ERROR main.java.com.ef.antcolony.ortools.MPCSAHLP:257 - Adding flow divergence constraints...
2025-12-16 20:20:16.180 [main] ERROR main.java.com.ef.antcolony.ortools.MPCSAHLP:259 - Added flow divergence constraints. Total constraints: 220
2025-12-16 20:20:16.180 [main] ERROR main.java.com.ef.antcolony.ortools.MPCSAHLP:265 - Adding flow allocation linking hub constraints...
2025-12-16 20:20:16.181 [main] ERROR main.java.com.ef.antcolony.ortools.MPCSAHLP:267 - Added flow allocation linking hub. Total constraints: 320
2025-12-16 20:20:16.181 [main] ERROR main.java.com.ef.antcolony.ortools.MPCSAHLP:273 - Adding minimum hubs per product constraints...
2025-12-16 20:20:16.181 [main] DEBUG main.java.com.ef.antcolony.ortools.MPCSAHLP:614 - Product 0 requires minimum 2 hubs to cover demand 3978.915249999999
2025-12-16 20:20:16.182 [main] ERROR main.java.com.ef.antcolony.ortools.MPCSAHLP:275 - Added minimum hubs per product constraints. Total constraints: 321
2025-12-16 20:20:16.182 [main] INFO  main.java.com.ef.antcolony.ortools.MPCSAHLP:83 - Constraints created.
2025-12-16 20:20:16.182 [main] INFO  main.java.com.ef.antcolony.ortools.MPCSAHLP:85 - Creating objective function...
2025-12-16 20:20:16.184 [main] INFO  main.java.com.ef.antcolony.ortools.MPCSAHLP:87 - Objective function created.
2025-12-16 20:20:16.185 [main] INFO  main.java.com.ef.antcolony.ortools.MPCSAHLP:92 - Solving model with 1110 variables and 321 constraints...
2025-12-16 20:20:16.256 [main] ERROR main.java.com.ef.antcolony.ortools.MPCSAHLP:116 - No solution found. Result status: INFEASIBLE
2025-12-16 20:20:16.256 [main] INFO  main.java.com.ef.antcolony.ortools.MPCSAHLPRunner:41 - FINISHED COMPUTING MILP
2025-12-16 20:23:49.109 [main] INFO  main.java.com.ef.antcolony.ortools.MPCSAHLPRunner:33 - COMPUTING MILP
2025-12-16 20:24:16.759 [main] DEBUG main.java.com.ef.antcolony.ortools.MPCSAHLP:279 - HIGHS solver used.
2025-12-16 20:24:16.762 [main] DEBUG main.java.com.ef.antcolony.ortools.MPCSAHLP:75 - Creating variables...
2025-12-16 20:24:16.774 [main] DEBUG main.java.com.ef.antcolony.ortools.MPCSAHLP:77 - Variables created. Total variables: 1110
2025-12-16 20:24:16.775 [main] DEBUG main.java.com.ef.antcolony.ortools.MPCSAHLP:79 - Creating constraints ...
2025-12-16 20:24:16.776 [main] DEBUG main.java.com.ef.antcolony.ortools.MPCSAHLP:218 - Adding hub assignment constraints...
2025-12-16 20:24:16.779 [main] DEBUG main.java.com.ef.antcolony.ortools.MPCSAHLP:220 - Added ub assignment constraints. Total constraints: 90
2025-12-16 20:24:16.779 [main] DEBUG main.java.com.ef.antcolony.ortools.MPCSAHLP:226 - Adding capacity constraints...
2025-12-16 20:24:16.780 [main] DEBUG main.java.com.ef.antcolony.ortools.MPCSAHLP:228 - Added capacity constraints. Total constraints: 100
2025-12-16 20:24:16.780 [main] DEBUG main.java.com.ef.antcolony.ortools.MPCSAHLP:234 - Adding max products at hub constraints...
2025-12-16 20:24:16.781 [main] DEBUG main.java.com.ef.antcolony.ortools.MPCSAHLP:236 - Added max products at hub constraints. Total constraints: 110
2025-12-16 20:24:16.781 [main] DEBUG main.java.com.ef.antcolony.ortools.MPCSAHLP:241 - Adding single allocation constraints...
2025-12-16 20:24:16.781 [main] DEBUG main.java.com.ef.antcolony.ortools.MPCSAHLP:243 - Added single allocation constraints. Total constraints: 120
2025-12-16 20:24:16.781 [main] DEBUG main.java.com.ef.antcolony.ortools.MPCSAHLP:249 - Adding flow divergence constraints...
2025-12-16 20:24:16.784 [main] DEBUG main.java.com.ef.antcolony.ortools.MPCSAHLP:251 - Added flow divergence constraints. Total constraints: 220
2025-12-16 20:24:16.784 [main] DEBUG main.java.com.ef.antcolony.ortools.MPCSAHLP:257 - Adding flow allocation linking hub constraints...
2025-12-16 20:24:16.785 [main] DEBUG main.java.com.ef.antcolony.ortools.MPCSAHLP:259 - Added flow allocation linking hub. Total constraints: 320
2025-12-16 20:24:16.785 [main] DEBUG main.java.com.ef.antcolony.ortools.MPCSAHLP:265 - Adding minimum hubs per product constraints...
2025-12-16 20:24:16.785 [main] DEBUG main.java.com.ef.antcolony.ortools.MPCSAHLP:606 - Product 0 requires minimum 2 hubs to cover demand 3978.915249999999
2025-12-16 20:24:16.785 [main] DEBUG main.java.com.ef.antcolony.ortools.MPCSAHLP:267 - Added minimum hubs per product constraints. Total constraints: 321
2025-12-16 20:24:16.786 [main] DEBUG main.java.com.ef.antcolony.ortools.MPCSAHLP:81 - Constraints created.
2025-12-16 20:24:16.786 [main] DEBUG main.java.com.ef.antcolony.ortools.MPCSAHLP:83 - Creating objective function...
2025-12-16 20:24:16.787 [main] DEBUG main.java.com.ef.antcolony.ortools.MPCSAHLP:85 - Objective function created.
2025-12-16 20:24:16.787 [main] DEBUG main.java.com.ef.antcolony.ortools.MPCSAHLP:90 - Solving model with 1110 variables and 321 constraints...
2025-12-16 20:24:16.841 [main] DEBUG main.java.com.ef.antcolony.ortools.MPCSAHLP:114 - No solution found. Result status: INFEASIBLE
2025-12-16 20:24:16.841 [main] INFO  main.java.com.ef.antcolony.ortools.MPCSAHLPRunner:41 - FINISHED COMPUTING MILP
2025-12-16 20:25:15.823 [main] INFO  main.java.com.ef.antcolony.ortools.MPCSAHLPRunner:33 - COMPUTING MILP
2025-12-16 20:25:37.266 [main] DEBUG main.java.com.ef.antcolony.ortools.MPCSAHLP:279 - HIGHS solver used.
2025-12-16 20:25:37.267 [main] DEBUG main.java.com.ef.antcolony.ortools.MPCSAHLP:75 - Creating variables...
2025-12-16 20:25:37.278 [main] DEBUG main.java.com.ef.antcolony.ortools.MPCSAHLP:77 - Variables created. Total variables: 1110
2025-12-16 20:25:37.279 [main] DEBUG main.java.com.ef.antcolony.ortools.MPCSAHLP:79 - Creating constraints ...
2025-12-16 20:25:37.279 [main] DEBUG main.java.com.ef.antcolony.ortools.MPCSAHLP:218 - Adding hub assignment constraints...
2025-12-16 20:25:37.281 [main] DEBUG main.java.com.ef.antcolony.ortools.MPCSAHLP:220 - Added ub assignment constraints. Total constraints: 90
2025-12-16 20:25:37.282 [main] DEBUG main.java.com.ef.antcolony.ortools.MPCSAHLP:226 - Adding capacity constraints...
2025-12-16 20:25:37.282 [main] DEBUG main.java.com.ef.antcolony.ortools.MPCSAHLP:228 - Added capacity constraints. Total constraints: 100
2025-12-16 20:25:37.282 [main] DEBUG main.java.com.ef.antcolony.ortools.MPCSAHLP:234 - Adding max products at hub constraints...
2025-12-16 20:25:37.283 [main] DEBUG main.java.com.ef.antcolony.ortools.MPCSAHLP:236 - Added max products at hub constraints. Total constraints: 110
2025-12-16 20:25:37.283 [main] DEBUG main.java.com.ef.antcolony.ortools.MPCSAHLP:241 - Adding single allocation constraints...
2025-12-16 20:25:37.283 [main] DEBUG main.java.com.ef.antcolony.ortools.MPCSAHLP:243 - Added single allocation constraints. Total constraints: 120
2025-12-16 20:25:37.284 [main] DEBUG main.java.com.ef.antcolony.ortools.MPCSAHLP:249 - Adding flow divergence constraints...
2025-12-16 20:25:37.285 [main] DEBUG main.java.com.ef.antcolony.ortools.MPCSAHLP:251 - Added flow divergence constraints. Total constraints: 220
2025-12-16 20:25:37.286 [main] DEBUG main.java.com.ef.antcolony.ortools.MPCSAHLP:257 - Adding flow allocation linking hub constraints...
2025-12-16 20:25:37.287 [main] DEBUG main.java.com.ef.antcolony.ortools.MPCSAHLP:259 - Added flow allocation linking hub. Total constraints: 320
2025-12-16 20:25:37.287 [main] DEBUG main.java.com.ef.antcolony.ortools.MPCSAHLP:265 - Adding minimum hubs per product constraints...
2025-12-16 20:25:37.288 [main] DEBUG main.java.com.ef.antcolony.ortools.MPCSAHLP:606 - Product 0 requires minimum 2 hubs to cover demand 3978.915249999999
2025-12-16 20:25:37.288 [main] DEBUG main.java.com.ef.antcolony.ortools.MPCSAHLP:267 - Added minimum hubs per product constraints. Total constraints: 321
2025-12-16 20:25:37.288 [main] DEBUG main.java.com.ef.antcolony.ortools.MPCSAHLP:81 - Constraints created.
2025-12-16 20:25:37.289 [main] DEBUG main.java.com.ef.antcolony.ortools.MPCSAHLP:83 - Creating objective function...
2025-12-16 20:25:37.290 [main] DEBUG main.java.com.ef.antcolony.ortools.MPCSAHLP:85 - Objective function created.
2025-12-16 20:25:37.290 [main] DEBUG main.java.com.ef.antcolony.ortools.MPCSAHLP:90 - Solving model with 1110 variables and 321 constraints...
2025-12-16 20:25:45.730 [main] DEBUG main.java.com.ef.antcolony.ortools.MPCSAHLP:94 - Solving model with 1110 variables and 321 constraints...
